<?xml version="1.0" encoding="UTF-8"?>
<testsuite xmlns:xsi="http://www.w3.org/2001/XMLSchema-instance" xsi:noNamespaceSchemaLocation="https://maven.apache.org/surefire/maven-surefire-plugin/xsd/surefire-test-report.xsd" name="tests.ArticleTests" time="26.62" tests="3" errors="0" skipped="0" failures="0">
  <properties>
[...]
</properties>
  <testcase name="testCompareArticleTitle" classname="tests.ArticleTests" time="10.789"/>
  <testcase name="testSwipeArticle" classname="tests.ArticleTests" time="8.022"/>
  <testcase name="testAvailabilityOfTitle" classname="tests.ArticleTests" time="7.397"/>
</testsuite>